<?xml version="1.0" encoding="UTF-8"?>
<robot generator="Robot 7.4.2 (Python 3.14.2 on win32)" generated="2026-05-10T22:52:43.479540" rpa="false" schemaversion="5">
<suite id="s1" name="Login" source="C:\Projects\oasis\tests\front\login.robot">
<test id="s1-t1" name="Login Fails With Wrong Credentials" line="13">
<kw name="New Browser" owner="Browser">
<msg time="2026-05-10T22:52:43.993792" level="INFO">{"browser": "chromium", "headless": false, "chromiumSandbox": false, "devtools": false, "handleSIGHUP": true, "handleSIGINT": true, "handleSIGTERM": true, "slowMo": 0.0, "timeout": 30000.0, "tracesDir": "C:\\Projects\\oasis\\tests\\outputs\\login\\browser\\traces\\temp\\7be32348-e47d-435d-ae36-d9eb93f0ad78"}</msg>
<msg time="2026-05-10T22:52:44.041300" level="INFO">Starting Browser process C:\Projects\oasis\.venv\Lib\site-packages\Browser\wrapper\index.js using at 127.0.0.1:50905</msg>
<msg time="2026-05-10T22:52:46.113382" level="INFO">Successfully created browser with options: {"browser":"chromium","headless":false,"chromiumSandbox":false,"devtools":false,"handleSIGHUP":true,"handleSIGINT":true,"handleSIGTERM":true,"slowMo":0,"timeout":30000,"tracesDir":"C:\\Projects\\oasis\\tests\\outputs\\login\\browser\\traces\\temp\\7be32348-e47d-435d-ae36-d9eb93f0ad78"}</msg>
<arg>chromium</arg>
<arg>headless=No</arg>
<tag>BrowserControl</tag>
<tag>Setter</tag>
<doc>Create a new playwright Browser with specified options.</doc>
<status status="PASS" start="2026-05-10T22:52:43.992673" elapsed="2.122391"/>
</kw>
<kw name="New Page" owner="Browser">
<msg time="2026-05-10T22:52:48.916295" level="INFO">Successfully initialized new page object and opened url: https://daauudi.switzerlandnorth.cloudapp.azure.com/login.html</msg>
<msg time="2026-05-10T22:52:48.916466" level="INFO">No context was open. New context was automatically opened when this page is created.</msg>
<arg>${LOGIN_URL}</arg>
<tag>BrowserControl</tag>
<tag>Setter</tag>
<doc>Open a new Page.</doc>
<status status="PASS" start="2026-05-10T22:52:46.123417" elapsed="2.796884"/>
</kw>
<kw name="Type Text" owner="Browser">
<msg time="2026-05-10T22:52:48.986654" level="INFO">Types the text 'wronguser' in the given field.</msg>
<arg>id=username</arg>
<arg>${INVALID_USERNAME}</arg>
<tag>PageContent</tag>
<tag>Setter</tag>
<doc>Types the given ``txt`` into the text field found by ``selector``.</doc>
<status status="PASS" start="2026-05-10T22:52:48.983087" elapsed="0.191087"/>
</kw>
<kw name="Type Text" owner="Browser">
<msg time="2026-05-10T22:52:49.198620" level="INFO">Types the text 'wrongpass' in the given field.</msg>
<arg>id=password</arg>
<arg>${INVALID_PASSWORD}</arg>
<tag>PageContent</tag>
<tag>Setter</tag>
<doc>Types the given ``txt`` into the text field found by ``selector``.</doc>
<status status="PASS" start="2026-05-10T22:52:49.194554" elapsed="0.135768"/>
</kw>
<kw name="Click" owner="Browser">
<msg time="2026-05-10T22:52:49.345044" level="INFO">Clicks the element 'css=button[type="submit"]'.</msg>
<arg>css=button[type="submit"]</arg>
<tag>PageContent</tag>
<tag>Setter</tag>
<doc>Simulates mouse click on the element found by ``selector``.</doc>
<status status="PASS" start="2026-05-10T22:52:49.343988" elapsed="0.180820"/>
</kw>
<kw name="Wait For Elements State" owner="Browser">
<msg time="2026-05-10T22:52:49.966552" level="INFO">Waited for Element with selector id=loginError at state visible</msg>
<arg>id=loginError</arg>
<arg>visible</arg>
<arg>timeout=5s</arg>
<tag>PageContent</tag>
<tag>Wait</tag>
<doc>Waits for the element found by ``selector`` to satisfy state option.</doc>
<status status="PASS" start="2026-05-10T22:52:49.605261" elapsed="0.365403"/>
</kw>
<kw name="Get Text" owner="Browser">
<msg time="2026-05-10T22:52:50.099456" level="INFO">Text: 'Käyttäjänimi tai salasana on väärin.'</msg>
<arg>id=loginError</arg>
<arg>contains</arg>
<arg>Käyttäjänimi tai salasana on väärin.</arg>
<tag>Assertion</tag>
<tag>Getter</tag>
<tag>PageContent</tag>
<doc>Returns text attribute of the element found by ``selector``.</doc>
<status status="PASS" start="2026-05-10T22:52:50.012244" elapsed="0.091509"/>
</kw>
<kw name="Sleep" owner="BuiltIn">
<msg time="2026-05-10T22:52:55.106080" level="INFO">Slept 5 seconds.</msg>
<arg>5s</arg>
<doc>Pauses the test executed for the given time.</doc>
<status status="PASS" start="2026-05-10T22:52:50.104859" elapsed="5.001425"/>
</kw>
<kw name="Close Browser" owner="Browser" type="TEARDOWN">
<msg time="2026-05-10T22:52:55.653644" level="INFO">Closed browser</msg>
<tag>BrowserControl</tag>
<tag>Setter</tag>
<doc>Closes the current browser.</doc>
<status status="PASS" start="2026-05-10T22:52:55.107358" elapsed="0.546657"/>
</kw>
<status status="PASS" start="2026-05-10T22:52:43.990448" elapsed="11.664182"/>
</test>
<test id="s1-t2" name="Login Succeeds With Correct Credentials And Can Logout" line="26">
<kw name="New Browser" owner="Browser">
<msg time="2026-05-10T22:52:55.672234" level="INFO">{"browser": "chromium", "headless": false, "chromiumSandbox": false, "devtools": false, "handleSIGHUP": true, "handleSIGINT": true, "handleSIGTERM": true, "slowMo": 0.0, "timeout": 30000.0, "tracesDir": "C:\\Projects\\oasis\\tests\\outputs\\login\\browser\\traces\\temp\\e2d367df-9e4c-496e-9368-eaae1fea1819"}</msg>
<msg time="2026-05-10T22:52:56.266386" level="INFO">Successfully created browser with options: {"browser":"chromium","headless":false,"chromiumSandbox":false,"devtools":false,"handleSIGHUP":true,"handleSIGINT":true,"handleSIGTERM":true,"slowMo":0,"timeout":30000,"tracesDir":"C:\\Projects\\oasis\\tests\\outputs\\login\\browser\\traces\\temp\\e2d367df-9e4c-496e-9368-eaae1fea1819"}</msg>
<arg>chromium</arg>
<arg>headless=No</arg>
<tag>BrowserControl</tag>
<tag>Setter</tag>
<doc>Create a new playwright Browser with specified options.</doc>
<status status="PASS" start="2026-05-10T22:52:55.671086" elapsed="0.595596"/>
</kw>
<kw name="New Page" owner="Browser">
<msg time="2026-05-10T22:52:58.995571" level="INFO">Successfully initialized new page object and opened url: https://daauudi.switzerlandnorth.cloudapp.azure.com/login.html</msg>
<msg time="2026-05-10T22:52:58.995797" level="INFO">No context was open. New context was automatically opened when this page is created.</msg>
<arg>${LOGIN_URL}</arg>
<tag>BrowserControl</tag>
<tag>Setter</tag>
<doc>Open a new Page.</doc>
<status status="PASS" start="2026-05-10T22:52:56.282164" elapsed="2.713888"/>
</kw>
<kw name="Type Text" owner="Browser">
<msg time="2026-05-10T22:52:58.997539" level="INFO">Types the text 'chippic93@gmail.com' in the given field.</msg>
<arg>id=username</arg>
<arg>${TEST_USERNAME}</arg>
<tag>PageContent</tag>
<tag>Setter</tag>
<doc>Types the given ``txt`` into the text field found by ``selector``.</doc>
<status status="PASS" start="2026-05-10T22:52:58.996533" elapsed="0.162327"/>
</kw>
<kw name="Type Text" owner="Browser">
<msg time="2026-05-10T22:52:59.160955" level="INFO">Types the text 'Chippi123' in the given field.</msg>
<arg>id=password</arg>
<arg>${TEST_PASSWORD}</arg>
<tag>PageContent</tag>
<tag>Setter</tag>
<doc>Types the given ``txt`` into the text field found by ``selector``.</doc>
<status status="PASS" start="2026-05-10T22:52:59.159491" elapsed="0.059111"/>
</kw>
<kw name="Click" owner="Browser">
<msg time="2026-05-10T22:52:59.220845" level="INFO">Clicks the element 'css=button[type="submit"]'.</msg>
<arg>css=button[type="submit"]</arg>
<tag>PageContent</tag>
<tag>Setter</tag>
<doc>Simulates mouse click on the element found by ``selector``.</doc>
<status status="PASS" start="2026-05-10T22:52:59.219719" elapsed="0.141967"/>
</kw>
<kw name="Sleep" owner="BuiltIn">
<msg time="2026-05-10T22:53:04.363656" level="INFO">Slept 5 seconds.</msg>
<arg>5s</arg>
<doc>Pauses the test executed for the given time.</doc>
<status status="PASS" start="2026-05-10T22:52:59.362443" elapsed="5.001411"/>
</kw>
<kw name="Get Url" owner="Browser">
<msg time="2026-05-10T22:53:04.368015" level="INFO">${url} = https://daauudi.switzerlandnorth.cloudapp.azure.com/koti.html</msg>
<var>${url}</var>
<tag>Assertion</tag>
<tag>Getter</tag>
<tag>PageContent</tag>
<doc>Returns the current URL.</doc>
<status status="PASS" start="2026-05-10T22:53:04.364330" elapsed="0.003797"/>
</kw>
<kw name="Should Contain" owner="BuiltIn">
<arg>${url}</arg>
<arg>/koti.html</arg>
<doc>Fails if ``container`` does not contain ``item`` one or more times.</doc>
<status status="PASS" start="2026-05-10T22:53:04.368679" elapsed="0.004164"/>
</kw>
<kw name="Wait For Elements State" owner="Browser">
<msg time="2026-05-10T22:53:04.401366" level="INFO">Waited for Element with selector id=logoutBtn at state visible</msg>
<arg>id=logoutBtn</arg>
<arg>visible</arg>
<arg>timeout=5s</arg>
<tag>PageContent</tag>
<tag>Wait</tag>
<doc>Waits for the element found by ``selector`` to satisfy state option.</doc>
<status status="PASS" start="2026-05-10T22:53:04.373899" elapsed="0.027770"/>
</kw>
<kw name="Click" owner="Browser">
<msg time="2026-05-10T22:53:04.407240" level="INFO">Clicks the element 'id=logoutBtn'.</msg>
<arg>id=logoutBtn</arg>
<tag>PageContent</tag>
<tag>Setter</tag>
<doc>Simulates mouse click on the element found by ``selector``.</doc>
<status status="PASS" start="2026-05-10T22:53:04.404487" elapsed="0.113157"/>
</kw>
<kw name="Sleep" owner="BuiltIn">
<msg time="2026-05-10T22:53:09.521974" level="INFO">Slept 5 seconds.</msg>
<arg>5s</arg>
<doc>Pauses the test executed for the given time.</doc>
<status status="PASS" start="2026-05-10T22:53:04.518716" elapsed="5.003452"/>
</kw>
<kw name="Get Url" owner="Browser">
<msg time="2026-05-10T22:53:09.526617" level="INFO">${logoutUrl} = https://daauudi.switzerlandnorth.cloudapp.azure.com/login.html</msg>
<var>${logoutUrl}</var>
<tag>Assertion</tag>
<tag>Getter</tag>
<tag>PageContent</tag>
<doc>Returns the current URL.</doc>
<status status="PASS" start="2026-05-10T22:53:09.522708" elapsed="0.003965"/>
</kw>
<kw name="Should Contain" owner="BuiltIn">
<arg>${logoutUrl}</arg>
<arg>/login.html</arg>
<doc>Fails if ``container`` does not contain ``item`` one or more times.</doc>
<status status="PASS" start="2026-05-10T22:53:09.527174" elapsed="0.001451"/>
</kw>
<kw name="Sleep" owner="BuiltIn">
<msg time="2026-05-10T22:53:12.530681" level="INFO">Slept 3 seconds.</msg>
<arg>3s</arg>
<doc>Pauses the test executed for the given time.</doc>
<status status="PASS" start="2026-05-10T22:53:09.529380" elapsed="3.001477"/>
</kw>
<kw name="Close Browser" owner="Browser" type="TEARDOWN">
<msg time="2026-05-10T22:53:13.065099" level="INFO">Closed browser</msg>
<tag>BrowserControl</tag>
<tag>Setter</tag>
<doc>Closes the current browser.</doc>
<status status="PASS" start="2026-05-10T22:53:12.531425" elapsed="0.533968"/>
</kw>
<status status="PASS" start="2026-05-10T22:52:55.665271" elapsed="17.400680"/>
</test>
<status status="PASS" start="2026-05-10T22:52:43.482916" elapsed="29.591816"/>
</suite>
<statistics>
<total>
<stat pass="2" fail="0" skip="0">All Tests</stat>
</total>
<tag>
</tag>
<suite>
<stat name="Login" id="s1" pass="2" fail="0" skip="0">Login</stat>
</suite>
</statistics>
<errors>
</errors>
</robot>
